# JRE version: Java(TM) SE Runtime Environment (25.0.1+8) (build 25.0.1+8-LTS-27)
# Java VM: Java HotSpot(TM) 64-Bit Server VM (25.0.1+8-LTS-27, mixed mode, sharing, tiered, compressed oops, compressed class ptrs, parallel gc, windows-amd64)
GC Precious Log:
 CardTable entry size: 512
 CPUs: 8 total, 8 available
 Memory: 32599M
 Large Page Support: Disabled
 NUMA Support: Disabled
 Compressed Oops: Enabled (32-bit)
 Alignments: Space 512K, Generation 512K, Heap 2M
 Heap Min Capacity: 100M
 Heap Initial Capacity: 100M
 Heap Max Capacity: 2G
 Pre-touch: Disabled
 Parallel Workers: 8
Heap:
 PSYoungGen      total 32256K, used 5458K [0x00000000d5580000, 0x00000000d7680000, 0x0000000100000000)
  eden space 31744K, 15% used [0x00000000d5580000,0x00000000d5a55e38,0x00000000d7480000)
  from space 512K, 99% used [0x00000000d7600000,0x00000000d767ed00,0x00000000d7680000)
  to   space 1024K, 0% used [0x00000000d7480000,0x00000000d7480000,0x00000000d7580000)
 ParOldGen       total 165888K, used 165651K [0x0000000080000000, 0x000000008a200000, 0x00000000d5580000)
  object space 165888K, 99% used [0x0000000080000000,0x000000008a1c4ce8,0x000000008a200000)
GC Heap Usage History (20 events):
Event: 6776.459 {heap Before GC invocations=159 (full 4):
 PSYoungGen      total 31744K, used 31119K [0x00000000d5580000, 0x00000000d7680000, 0x0000000100000000)
  eden space 29696K, 99% used [0x00000000d5580000,0x00000000d7257f20,0x00000000d7280000)
  from space 2048K, 77% used [0x00000000d7480000,0x00000000d760c030,0x00000000d7680000)
  to   space 2048K, 0% used [0x00000000d7280000,0x00000000d7280000,0x00000000d7480000)
 ParOldGen       total 159232K, used 158726K [0x0000000080000000, 0x0000000089b80000, 0x00000000d5580Event: 6776.460 {heap After GC invocations=159 (full 4):
 PSYoungGen      total 31744K, used 1814K [0x00000000d5580000, 0x00000000d7680000, 0x0000000100000000)
  eden space 29696K, 0% used [0x00000000d5580000,0x00000000d5580000,0x00000000d7280000)
  from space 2048K, 88% used [0x00000000d7280000,0x00000000d74458a0,0x00000000d7480000)
  to   space 2048K, 0% used [0x00000000d7480000,0x00000000d7480000,0x00000000d7680000)
 ParOldGen       total 160256K, used 159744K [0x0000000080000000, 0x0000000089c80000, 0x00000000d5580000Event: 6779.625 {heap Before GC invocations=160 (full 4):
 PSYoungGen      total 31744K, used 31510K [0x00000000d5580000, 0x00000000d7680000, 0x0000000100000000)
  eden space 29696K, 100% used [0x00000000d5580000,0x00000000d7280000,0x00000000d7280000)
  from space 2048K, 88% used [0x00000000d7280000,0x00000000d74458a0,0x00000000d7480000)
  to   space 2048K, 0% used [0x00000000d7480000,0x00000000d7480000,0x00000000d7680000)
 ParOldGen       total 160256K, used 159744K [0x0000000080000000, 0x0000000089c80000, 0x00000000d558Event: 6779.626 {heap After GC invocations=160 (full 4):
 PSYoungGen      total 29696K, used 2016K [0x00000000d5580000, 0x00000000d7a00000, 0x0000000100000000)
  eden space 27648K, 0% used [0x00000000d5580000,0x00000000d5580000,0x00000000d7080000)
  from space 2048K, 98% used [0x00000000d7480000,0x00000000d7678060,0x00000000d7680000)
  to   space 4096K, 0% used [0x00000000d7080000,0x00000000d7080000,0x00000000d7480000)
 ParOldGen       total 161280K, used 161198K [0x0000000080000000, 0x0000000089d80000, 0x00000000d5580000Event: 6846.065 {heap Before GC invocations=161 (full 4):
 PSYoungGen      total 29696K, used 29664K [0x00000000d5580000, 0x00000000d7a00000, 0x0000000100000000)
  eden space 27648K, 100% used [0x00000000d5580000,0x00000000d7080000,0x00000000d7080000)
  from space 2048K, 98% used [0x00000000d7480000,0x00000000d7678060,0x00000000d7680000)
  to   space 4096K, 0% used [0x00000000d7080000,0x00000000d7080000,0x00000000d7480000)
 ParOldGen       total 161280K, used 161198K [0x0000000080000000, 0x0000000089d80000, 0x00000000d558Event: 6846.066 {heap After GC invocations=161 (full 4):
 PSYoungGen      total 29696K, used 1696K [0x00000000d5580000, 0x00000000d7680000, 0x0000000100000000)
  eden space 27648K, 0% used [0x00000000d5580000,0x00000000d5580000,0x00000000d7080000)
  from space 2048K, 82% used [0x00000000d7080000,0x00000000d7228020,0x00000000d7280000)
  to   space 2560K, 0% used [0x00000000d7400000,0x00000000d7400000,0x00000000d7680000)
 ParOldGen       total 163328K, used 163205K [0x0000000080000000, 0x0000000089f80000, 0x00000000d5580000Event: 18577.017 {heap Before GC invocations=162 (full 4):
 PSYoungGen      total 29696K, used 29344K [0x00000000d5580000, 0x00000000d7680000, 0x0000000100000000)
  eden space 27648K, 100% used [0x00000000d5580000,0x00000000d7080000,0x00000000d7080000)
  from space 2048K, 82% used [0x00000000d7080000,0x00000000d7228020,0x00000000d7280000)
  to   space 2560K, 0% used [0x00000000d7400000,0x00000000d7400000,0x00000000d7680000)
 ParOldGen       total 163328K, used 163205K [0x0000000080000000, 0x0000000089f80000, 0x00000000d558Event: 18577.024 {heap After GC invocations=162 (full 4):
 PSYoungGen      total 32768K, used 384K [0x00000000d5580000, 0x00000000d7680000, 0x0000000100000000)
  eden space 30208K, 0% used [0x00000000d5580000,0x00000000d5580000,0x00000000d7300000)
  from space 2560K, 15% used [0x00000000d7400000,0x00000000d7460040,0x00000000d7680000)
  to   space 1024K, 0% used [0x00000000d7300000,0x00000000d7300000,0x00000000d7400000)
 ParOldGen       total 164864K, used 164444K [0x0000000080000000, 0x000000008a100000, 0x00000000d5580000)Event: 18585.084 {heap Before GC invocations=163 (full 4):
 PSYoungGen      total 32768K, used 30592K [0x00000000d5580000, 0x00000000d7680000, 0x0000000100000000)
  eden space 30208K, 100% used [0x00000000d5580000,0x00000000d7300000,0x00000000d7300000)
  from space 2560K, 15% used [0x00000000d7400000,0x00000000d7460040,0x00000000d7680000)
  to   space 1024K, 0% used [0x00000000d7300000,0x00000000d7300000,0x00000000d7400000)
 ParOldGen       total 164864K, used 164444K [0x0000000080000000, 0x000000008a100000, 0x00000000d558Event: 18585.086 {heap After GC invocations=163 (full 4):
 PSYoungGen      total 31232K, used 1004K [0x00000000d5580000, 0x00000000d7680000, 0x0000000100000000)
  eden space 30208K, 0% used [0x00000000d5580000,0x00000000d5580000,0x00000000d7300000)
  from space 1024K, 98% used [0x00000000d7300000,0x00000000d73fb0c0,0x00000000d7400000)
  to   space 2048K, 0% used [0x00000000d7480000,0x00000000d7480000,0x00000000d7680000)
 ParOldGen       total 165376K, used 165100K [0x0000000080000000, 0x000000008a180000, 0x00000000d5580000Event: 18587.708 {heap Before GC invocations=164 (full 4):
 PSYoungGen      total 31232K, used 31049K [0x00000000d5580000, 0x00000000d7680000, 0x0000000100000000)
  eden space 30208K, 99% used [0x00000000d5580000,0x00000000d72d7720,0x00000000d7300000)
  from space 1024K, 98% used [0x00000000d7300000,0x00000000d73fb0c0,0x00000000d7400000)
  to   space 2048K, 0% used [0x00000000d7480000,0x00000000d7480000,0x00000000d7680000)
 ParOldGen       total 165376K, used 165100K [0x0000000080000000, 0x000000008a180000, 0x00000000d5580Event: 18587.709 {heap After GC invocations=164 (full 4):
 PSYoungGen      total 32256K, used 838K [0x00000000d5580000, 0x00000000d7680000, 0x0000000100000000)
  eden space 30208K, 0% used [0x00000000d5580000,0x00000000d5580000,0x00000000d7300000)
  from space 2048K, 40% used [0x00000000d7480000,0x00000000d7551870,0x00000000d7680000)
  to   space 1536K, 0% used [0x00000000d7300000,0x00000000d7300000,0x00000000d7480000)
 ParOldGen       total 165376K, used 165164K [0x0000000080000000, 0x000000008a180000, 0x00000000d5580000)Event: 18597.465 {heap Before GC invocations=165 (full 4):
 PSYoungGen      total 32256K, used 31046K [0x00000000d5580000, 0x00000000d7680000, 0x0000000100000000)
  eden space 30208K, 100% used [0x00000000d5580000,0x00000000d7300000,0x00000000d7300000)
  from space 2048K, 40% used [0x00000000d7480000,0x00000000d7551870,0x00000000d7680000)
  to   space 1536K, 0% used [0x00000000d7300000,0x00000000d7300000,0x00000000d7480000)
 ParOldGen       total 165376K, used 165164K [0x0000000080000000, 0x000000008a180000, 0x00000000d558Event: 18597.467 {heap After GC invocations=165 (full 4):
 PSYoungGen      total 31744K, used 624K [0x00000000d5580000, 0x00000000d7680000, 0x0000000100000000)
  eden space 30208K, 0% used [0x00000000d5580000,0x00000000d5580000,0x00000000d7300000)
  from space 1536K, 40% used [0x00000000d7300000,0x00000000d739c030,0x00000000d7480000)
  to   space 1024K, 0% used [0x00000000d7580000,0x00000000d7580000,0x00000000d7680000)
 ParOldGen       total 165376K, used 165188K [0x0000000080000000, 0x000000008a180000, 0x00000000d5580000)Event: 18598.754 {heap Before GC invocations=166 (full 4):
 PSYoungGen      total 31744K, used 30832K [0x00000000d5580000, 0x00000000d7680000, 0x0000000100000000)
  eden space 30208K, 100% used [0x00000000d5580000,0x00000000d7300000,0x00000000d7300000)
  from space 1536K, 40% used [0x00000000d7300000,0x00000000d739c030,0x00000000d7480000)
  to   space 1024K, 0% used [0x00000000d7580000,0x00000000d7580000,0x00000000d7680000)
 ParOldGen       total 165376K, used 165188K [0x0000000080000000, 0x000000008a180000, 0x00000000d558Event: 18598.755 {heap After GC invocations=166 (full 4):
 PSYoungGen      total 32768K, used 736K [0x00000000d5580000, 0x00000000d7680000, 0x0000000100000000)
  eden space 31744K, 0% used [0x00000000d5580000,0x00000000d5580000,0x00000000d7480000)
  from space 1024K, 71% used [0x00000000d7580000,0x00000000d7638020,0x00000000d7680000)
  to   space 1024K, 0% used [0x00000000d7480000,0x00000000d7480000,0x00000000d7580000)
 ParOldGen       total 165376K, used 165268K [0x0000000080000000, 0x000000008a180000, 0x00000000d5580000)Event: 18976.727 {heap Before GC invocations=167 (full 4):
 PSYoungGen      total 32768K, used 32480K [0x00000000d5580000, 0x00000000d7680000, 0x0000000100000000)
  eden space 31744K, 100% used [0x00000000d5580000,0x00000000d7480000,0x00000000d7480000)
  from space 1024K, 71% used [0x00000000d7580000,0x00000000d7638020,0x00000000d7680000)
  to   space 1024K, 0% used [0x00000000d7480000,0x00000000d7480000,0x00000000d7580000)
 ParOldGen       total 165376K, used 165268K [0x0000000080000000, 0x000000008a180000, 0x00000000d558Event: 18976.729 {heap After GC invocations=167 (full 4):
 PSYoungGen      total 32768K, used 288K [0x00000000d5580000, 0x00000000d7680000, 0x0000000100000000)
  eden space 31744K, 0% used [0x00000000d5580000,0x00000000d5580000,0x00000000d7480000)
  from space 1024K, 28% used [0x00000000d7480000,0x00000000d74c8000,0x00000000d7580000)
  to   space 512K, 0% used [0x00000000d7600000,0x00000000d7600000,0x00000000d7680000)
 ParOldGen       total 165376K, used 165324K [0x0000000080000000, 0x000000008a180000, 0x00000000d5580000)
Event: 18976.954 {heap Before GC invocations=168 (full 4):
 PSYoungGen      total 32768K, used 32032K [0x00000000d5580000, 0x00000000d7680000, 0x0000000100000000)
  eden space 31744K, 100% used [0x00000000d5580000,0x00000000d7480000,0x00000000d7480000)
  from space 1024K, 28% used [0x00000000d7480000,0x00000000d74c8000,0x00000000d7580000)
  to   space 512K, 0% used [0x00000000d7600000,0x00000000d7600000,0x00000000d7680000)
 ParOldGen       total 165376K, used 165324K [0x0000000080000000, 0x000000008a180000, 0x00000000d5580Event: 18976.955 {heap After GC invocations=168 (full 4):
 PSYoungGen      total 32256K, used 507K [0x00000000d5580000, 0x00000000d7680000, 0x0000000100000000)
  eden space 31744K, 0% used [0x00000000d5580000,0x00000000d5580000,0x00000000d7480000)
  from space 512K, 99% used [0x00000000d7600000,0x00000000d767ed00,0x00000000d7680000)
  to   space 1024K, 0% used [0x00000000d7480000,0x00000000d7480000,0x00000000d7580000)
 ParOldGen       total 165888K, used 165651K [0x0000000080000000, 0x000000008a200000, 0x00000000d5580000)

