# JRE version: Java(TM) SE Runtime Environment (25.0.1+8) (build 25.0.1+8-LTS-27)
# Java VM: Java HotSpot(TM) 64-Bit Server VM (25.0.1+8-LTS-27, mixed mode, sharing, tiered, compressed oops, compressed class ptrs, parallel gc, windows-amd64)
GC Precious Log:
 CardTable entry size: 512
 CPUs: 8 total, 8 available
 Memory: 32599M
 Large Page Support: Disabled
 NUMA Support: Disabled
 Compressed Oops: Enabled (32-bit)
 Alignments: Space 512K, Generation 512K, Heap 2M
 Heap Min Capacity: 100M
 Heap Initial Capacity: 100M
 Heap Max Capacity: 2G
 Pre-touch: Disabled
 Parallel Workers: 8
Heap:
 PSYoungGen      total 31232K, used 8329K [0x00000000d5580000, 0x00000000d7b00000, 0x0000000100000000)
  eden space 30208K, 24% used [0x00000000d5580000,0x00000000d5cbb8d8,0x00000000d7300000)
  from space 1024K, 90% used [0x00000000d7a00000,0x00000000d7ae6d48,0x00000000d7b00000)
  to   space 3072K, 0% used [0x00000000d7500000,0x00000000d7500000,0x00000000d7800000)
 ParOldGen       total 324096K, used 159040K [0x0000000080000000, 0x0000000093c80000, 0x00000000d5580000)
  object space 324096K, 49% used [0x0000000080000000,0x0000000089b50040,0x0000000093c80000)
GC Heap Usage History (20 events):
Event: 9327.221 {heap Before GC invocations=436 (full 5):
 PSYoungGen      total 31744K, used 31237K [0x00000000d5580000, 0x00000000d7700000, 0x0000000100000000)
  eden space 29184K, 100% used [0x00000000d5580000,0x00000000d7200000,0x00000000d7200000)
  from space 2560K, 80% used [0x00000000d7480000,0x00000000d76816a0,0x00000000d7700000)
  to   space 2560K, 0% used [0x00000000d7200000,0x00000000d7200000,0x00000000d7480000)
 ParOldGen       total 324096K, used 148019K [0x0000000080000000, 0x0000000093c80000, 0x00000000d558Event: 9327.222 {heap After GC invocations=436 (full 5):
 PSYoungGen      total 31744K, used 480K [0x00000000d5580000, 0x00000000d7680000, 0x0000000100000000)
  eden space 29184K, 0% used [0x00000000d5580000,0x00000000d5580000,0x00000000d7200000)
  from space 2560K, 18% used [0x00000000d7200000,0x00000000d7278020,0x00000000d7480000)
  to   space 1536K, 0% used [0x00000000d7500000,0x00000000d7500000,0x00000000d7680000)
 ParOldGen       total 324096K, used 148917K [0x0000000080000000, 0x0000000093c80000, 0x00000000d5580000)Event: 9531.763 {heap Before GC invocations=437 (full 5):
 PSYoungGen      total 31744K, used 29664K [0x00000000d5580000, 0x00000000d7680000, 0x0000000100000000)
  eden space 29184K, 100% used [0x00000000d5580000,0x00000000d7200000,0x00000000d7200000)
  from space 2560K, 18% used [0x00000000d7200000,0x00000000d7278020,0x00000000d7480000)
  to   space 1536K, 0% used [0x00000000d7500000,0x00000000d7500000,0x00000000d7680000)
 ParOldGen       total 324096K, used 148917K [0x0000000080000000, 0x0000000093c80000, 0x00000000d558Event: 9531.765 {heap After GC invocations=437 (full 5):
 PSYoungGen      total 30208K, used 1532K [0x00000000d5580000, 0x00000000d7880000, 0x0000000100000000)
  eden space 28672K, 0% used [0x00000000d5580000,0x00000000d5580000,0x00000000d7180000)
  from space 1536K, 99% used [0x00000000d7500000,0x00000000d767f1d0,0x00000000d7680000)
  to   space 3584K, 0% used [0x00000000d7180000,0x00000000d7180000,0x00000000d7500000)
 ParOldGen       total 324096K, used 150103K [0x0000000080000000, 0x0000000093c80000, 0x00000000d5580000Event: 9542.710 {heap Before GC invocations=438 (full 5):
 PSYoungGen      total 30208K, used 30204K [0x00000000d5580000, 0x00000000d7880000, 0x0000000100000000)
  eden space 28672K, 100% used [0x00000000d5580000,0x00000000d7180000,0x00000000d7180000)
  from space 1536K, 99% used [0x00000000d7500000,0x00000000d767f1d0,0x00000000d7680000)
  to   space 3584K, 0% used [0x00000000d7180000,0x00000000d7180000,0x00000000d7500000)
 ParOldGen       total 324096K, used 150103K [0x0000000080000000, 0x0000000093c80000, 0x00000000d558Event: 9542.712 {heap After GC invocations=438 (full 5):
 PSYoungGen      total 32256K, used 256K [0x00000000d5580000, 0x00000000d7680000, 0x0000000100000000)
  eden space 28672K, 0% used [0x00000000d5580000,0x00000000d5580000,0x00000000d7180000)
  from space 3584K, 7% used [0x00000000d7180000,0x00000000d71c0000,0x00000000d7500000)
  to   space 1536K, 0% used [0x00000000d7500000,0x00000000d7500000,0x00000000d7680000)
 ParOldGen       total 324096K, used 151490K [0x0000000080000000, 0x0000000093c80000, 0x00000000d5580000)
Event: 9543.972 {heap Before GC invocations=439 (full 5):
 PSYoungGen      total 32256K, used 28928K [0x00000000d5580000, 0x00000000d7680000, 0x0000000100000000)
  eden space 28672K, 100% used [0x00000000d5580000,0x00000000d7180000,0x00000000d7180000)
  from space 3584K, 7% used [0x00000000d7180000,0x00000000d71c0000,0x00000000d7500000)
  to   space 1536K, 0% used [0x00000000d7500000,0x00000000d7500000,0x00000000d7680000)
 ParOldGen       total 324096K, used 151490K [0x0000000080000000, 0x0000000093c80000, 0x00000000d5580Event: 9543.973 {heap After GC invocations=439 (full 5):
 PSYoungGen      total 32256K, used 1248K [0x00000000d5580000, 0x00000000d7680000, 0x0000000100000000)
  eden space 30720K, 0% used [0x00000000d5580000,0x00000000d5580000,0x00000000d7380000)
  from space 1536K, 81% used [0x00000000d7500000,0x00000000d7638020,0x00000000d7680000)
  to   space 1536K, 0% used [0x00000000d7380000,0x00000000d7380000,0x00000000d7500000)
 ParOldGen       total 324096K, used 151552K [0x0000000080000000, 0x0000000093c80000, 0x00000000d5580000Event: 9545.253 {heap Before GC invocations=440 (full 5):
 PSYoungGen      total 32256K, used 31968K [0x00000000d5580000, 0x00000000d7680000, 0x0000000100000000)
  eden space 30720K, 100% used [0x00000000d5580000,0x00000000d7380000,0x00000000d7380000)
  from space 1536K, 81% used [0x00000000d7500000,0x00000000d7638020,0x00000000d7680000)
  to   space 1536K, 0% used [0x00000000d7380000,0x00000000d7380000,0x00000000d7500000)
 ParOldGen       total 324096K, used 151552K [0x0000000080000000, 0x0000000093c80000, 0x00000000d558Event: 9545.253 {heap After GC invocations=440 (full 5):
 PSYoungGen      total 32256K, used 704K [0x00000000d5580000, 0x00000000d7680000, 0x0000000100000000)
  eden space 30720K, 0% used [0x00000000d5580000,0x00000000d5580000,0x00000000d7380000)
  from space 1536K, 45% used [0x00000000d7380000,0x00000000d7430020,0x00000000d7500000)
  to   space 1024K, 0% used [0x00000000d7580000,0x00000000d7580000,0x00000000d7680000)
 ParOldGen       total 324096K, used 151608K [0x0000000080000000, 0x0000000093c80000, 0x00000000d5580000)Event: 9547.617 {heap Before GC invocations=441 (full 5):
 PSYoungGen      total 32256K, used 31424K [0x00000000d5580000, 0x00000000d7680000, 0x0000000100000000)
  eden space 30720K, 100% used [0x00000000d5580000,0x00000000d7380000,0x00000000d7380000)
  from space 1536K, 45% used [0x00000000d7380000,0x00000000d7430020,0x00000000d7500000)
  to   space 1024K, 0% used [0x00000000d7580000,0x00000000d7580000,0x00000000d7680000)
 ParOldGen       total 324096K, used 151608K [0x0000000080000000, 0x0000000093c80000, 0x00000000d558Event: 9547.619 {heap After GC invocations=441 (full 5):
 PSYoungGen      total 31232K, used 992K [0x00000000d5580000, 0x00000000d7700000, 0x0000000100000000)
  eden space 30208K, 0% used [0x00000000d5580000,0x00000000d5580000,0x00000000d7300000)
  from space 1024K, 96% used [0x00000000d7580000,0x00000000d7678020,0x00000000d7680000)
  to   space 2048K, 0% used [0x00000000d7300000,0x00000000d7300000,0x00000000d7500000)
 ParOldGen       total 324096K, used 152340K [0x0000000080000000, 0x0000000093c80000, 0x00000000d5580000)Event: 9548.660 {heap Before GC invocations=442 (full 5):
 PSYoungGen      total 31232K, used 31200K [0x00000000d5580000, 0x00000000d7700000, 0x0000000100000000)
  eden space 30208K, 100% used [0x00000000d5580000,0x00000000d7300000,0x00000000d7300000)
  from space 1024K, 96% used [0x00000000d7580000,0x00000000d7678020,0x00000000d7680000)
  to   space 2048K, 0% used [0x00000000d7300000,0x00000000d7300000,0x00000000d7500000)
 ParOldGen       total 324096K, used 152340K [0x0000000080000000, 0x0000000093c80000, 0x00000000d558Event: 9548.662 {heap After GC invocations=442 (full 5):
 PSYoungGen      total 32256K, used 1184K [0x00000000d5580000, 0x00000000d7680000, 0x0000000100000000)
  eden space 30208K, 0% used [0x00000000d5580000,0x00000000d5580000,0x00000000d7300000)
  from space 2048K, 57% used [0x00000000d7300000,0x00000000d7428020,0x00000000d7500000)
  to   space 1536K, 0% used [0x00000000d7500000,0x00000000d7500000,0x00000000d7680000)
 ParOldGen       total 324096K, used 152775K [0x0000000080000000, 0x0000000093c80000, 0x00000000d5580000Event: 9551.661 {heap Before GC invocations=443 (full 5):
 PSYoungGen      total 32256K, used 31272K [0x00000000d5580000, 0x00000000d7680000, 0x0000000100000000)
  eden space 30208K, 99% used [0x00000000d5580000,0x00000000d72e2280,0x00000000d7300000)
  from space 2048K, 57% used [0x00000000d7300000,0x00000000d7428020,0x00000000d7500000)
  to   space 1536K, 0% used [0x00000000d7500000,0x00000000d7500000,0x00000000d7680000)
 ParOldGen       total 324096K, used 152775K [0x0000000080000000, 0x0000000093c80000, 0x00000000d5580Event: 9551.662 {heap After GC invocations=443 (full 5):
 PSYoungGen      total 32768K, used 715K [0x00000000d5580000, 0x00000000d7680000, 0x0000000100000000)
  eden space 31232K, 0% used [0x00000000d5580000,0x00000000d5580000,0x00000000d7400000)
  from space 1536K, 46% used [0x00000000d7500000,0x00000000d75b2cc0,0x00000000d7680000)
  to   space 1024K, 0% used [0x00000000d7400000,0x00000000d7400000,0x00000000d7500000)
 ParOldGen       total 324096K, used 153811K [0x0000000080000000, 0x0000000093c80000, 0x00000000d5580000)Event: 9722.355 {heap Before GC invocations=444 (full 5):
 PSYoungGen      total 32768K, used 31711K [0x00000000d5580000, 0x00000000d7680000, 0x0000000100000000)
  eden space 31232K, 99% used [0x00000000d5580000,0x00000000d73c52c8,0x00000000d7400000)
  from space 1536K, 46% used [0x00000000d7500000,0x00000000d75b2cc0,0x00000000d7680000)
  to   space 1024K, 0% used [0x00000000d7400000,0x00000000d7400000,0x00000000d7500000)
 ParOldGen       total 324096K, used 153811K [0x0000000080000000, 0x0000000093c80000, 0x00000000d5580Event: 9722.357 {heap After GC invocations=444 (full 5):
 PSYoungGen      total 31744K, used 998K [0x00000000d5580000, 0x00000000d8080000, 0x0000000100000000)
  eden space 30720K, 0% used [0x00000000d5580000,0x00000000d5580000,0x00000000d7380000)
  from space 1024K, 97% used [0x00000000d7400000,0x00000000d74f9b98,0x00000000d7500000)
  to   space 6656K, 0% used [0x00000000d7a00000,0x00000000d7a00000,0x00000000d8080000)
 ParOldGen       total 324096K, used 158598K [0x0000000080000000, 0x0000000093c80000, 0x00000000d5580000)Event: 9723.023 {heap Before GC invocations=445 (full 5):
 PSYoungGen      total 31744K, used 31718K [0x00000000d5580000, 0x00000000d8080000, 0x0000000100000000)
  eden space 30720K, 100% used [0x00000000d5580000,0x00000000d7380000,0x00000000d7380000)
  from space 1024K, 97% used [0x00000000d7400000,0x00000000d74f9b98,0x00000000d7500000)
  to   space 6656K, 0% used [0x00000000d7a00000,0x00000000d7a00000,0x00000000d8080000)
 ParOldGen       total 324096K, used 158598K [0x0000000080000000, 0x0000000093c80000, 0x00000000d558Event: 9723.024 {heap After GC invocations=445 (full 5):
 PSYoungGen      total 31232K, used 923K [0x00000000d5580000, 0x00000000d7b00000, 0x0000000100000000)
  eden space 30208K, 0% used [0x00000000d5580000,0x00000000d5580000,0x00000000d7300000)
  from space 1024K, 90% used [0x00000000d7a00000,0x00000000d7ae6d48,0x00000000d7b00000)
  to   space 3072K, 0% used [0x00000000d7500000,0x00000000d7500000,0x00000000d7800000)
 ParOldGen       total 324096K, used 159040K [0x0000000080000000, 0x0000000093c80000, 0x00000000d5580000)
Metaspace Usage History (20 events):
Event: 9327.221 {metaspace Before GC invocations=436 (full 5):
 Metaspace       used 90741K, committed 92160K, reserved 1179648K
  class space    used 7859K, committed 8576K, reserved 1048576K
}
Event: 9327.222 {metaspace After GC invocations=436 (full 5):
 Metaspace       used 90741K, committed 92160K, reserved 1179648K
  class space    used 7859K, committed 8576K, reserved 1048576K
}
Event: 9531.763 {metaspace Before GC invocations=437 (full 5):
 Metaspace       used 90744K, committed 92160K, reserved 1179648K
  class space    used 7859K, committed 8576K, reserved 1048576K
}
Event: 9531.765 {metaspace After GC invocations=437 (full 5):
 Metaspace       used 90744K, committed 92160K, reserved 1179648K
  class space    used 7859K, committed 8576K, reserved 1048576K
}
Event: 9542.710 {metaspace Before GC invocations=438 (full 5):
 Metaspace       used 90745K, committed 92160K, reserved 1179648K
  class space    used 7859K, committed 8576K, reserved 1048576K
}
Event: 9542.712 {metaspace After GC invocations=438 (full 5):
 Metaspace       used 90745K, committed 92160K, reserved 1179648K
  class space    used 7859K, committed 8576K, reserved 1048576K
}
Event: 9543.972 {metaspace Before GC invocations=439 (full 5):
 Metaspace       used 90766K, committed 92224K, reserved 1179648K
  class space    used 7861K, committed 8576K, reserved 1048576K
}
Event: 9543.973 {metaspace After GC invocations=439 (full 5):
 Metaspace       used 90766K, committed 92224K, reserved 1179648K
  class space    used 7861K, committed 8576K, reserved 1048576K
}
Event: 9545.253 {metaspace Before GC invocations=440 (full 5):
 Metaspace       used 90767K, committed 92224K, reserved 1179648K
  class space    used 7861K, committed 8576K, reserved 1048576K
}
Event: 9545.253 {metaspace After GC invocations=440 (full 5):
 Metaspace       used 90767K, committed 92224K, reserved 1179648K
  class space    used 7861K, committed 8576K, reserved 1048576K
}
Event: 9547.617 {metaspace Before GC invocations=441 (full 5):
 Metaspace       used 90770K, committed 92224K, reserved 1179648K
  class space    used 7861K, committed 8576K, reserved 1048576K
}
Event: 9547.619 {metaspace After GC invocations=441 (full 5):
 Metaspace       used 90770K, committed 92224K, reserved 1179648K
  class space    used 7861K, committed 8576K, reserved 1048576K
}
Event: 9548.660 {metaspace Before GC invocations=442 (full 5):
 Metaspace       used 90772K, committed 92224K, reserved 1179648K
  class space    used 7861K, committed 8576K, reserved 1048576K
}
Event: 9548.662 {metaspace After GC invocations=442 (full 5):
 Metaspace       used 90772K, committed 92224K, reserved 1179648K
  class space    used 7861K, committed 8576K, reserved 1048576K
}
Event: 9551.661 {metaspace Before GC invocations=443 (full 5):
 Metaspace       used 90780K, committed 92224K, reserved 1179648K
  class space    used 7861K, committed 8576K, reserved 1048576K
}
Event: 9551.662 {metaspace After GC invocations=443 (full 5):
 Metaspace       used 90780K, committed 92224K, reserved 1179648K
  class space    used 7861K, committed 8576K, reserved 1048576K
}
Event: 9722.355 {metaspace Before GC invocations=444 (full 5):
 Metaspace       used 91038K, committed 92480K, reserved 1179648K
  class space    used 7901K, committed 8576K, reserved 1048576K
}
Event: 9722.357 {metaspace After GC invocations=444 (full 5):
 Metaspace       used 91038K, committed 92480K, reserved 1179648K
  class space    used 7901K, committed 8576K, reserved 1048576K
}
Event: 9723.023 {metaspace Before GC invocations=445 (full 5):
 Metaspace       used 92031K, committed 93952K, reserved 1179648K
  class space    used 8113K, committed 8960K, reserved 1048576K
}
Event: 9723.024 {metaspace After GC invocations=445 (full 5):
 Metaspace       used 92031K, committed 93952K, reserved 1179648K
  class space    used 8113K, committed 8960K, reserved 1048576K
}

